# JRE version: OpenJDK Runtime Environment (8.0_171-b11) (build 1.8.0_171-8u171-b11-0ubuntu0.18.04.1-b11)
# Java VM: OpenJDK 64-Bit Server VM (25.171-b11 mixed mode linux-amd64 compressed oops)
Heap:
 PSYoungGen      total 150016K, used 12988K [0x0000000718f00000, 0x0000000723600000, 0x00000007c0000000)
  eden space 129024K, 10% used [0x0000000718f00000,0x0000000719baf1e8,0x0000000720d00000)
  from space 20992K, 0% used [0x0000000720d00000,0x0000000720d00000,0x0000000722180000)
  to   space 20992K, 0% used [0x0000000722180000,0x0000000722180000,0x0000000723600000)
 ParOldGen       total 233472K, used 12957K [0x00000005cac00000, 0x00000005d9000000, 0x0000000718f00000)
  object space 233472K, 5% used [0x00000005cac00000,0x00000005cb8a74b8,0x00000005d9000000)
 Metaspace       used 21256K, capacity 21544K, committed 21888K, reserved 1069056K
  class space    used 2470K, capacity 2570K, committed 2688K, reserved 1048576K
GC Heap History (4 events):
Event: 1.311 GC heap before
{Heap before GC invocations=1 (full 0):
 PSYoungGen      total 150016K, used 113838K [0x0000000718f00000, 0x0000000723600000, 0x00000007c0000000)
  eden space 129024K, 88% used [0x0000000718f00000,0x000000071fe2bb68,0x0000000720d00000)
  from space 20992K, 0% used [0x0000000722180000,0x0000000722180000,0x0000000723600000)
  to   space 20992K, 0% used [0x0000000720d00000,0x0000000720d00000,0x0000000722180000)
 ParOldGen       total 343040K, used 0K [0x00000005cac00000, 0x00000005dfb00000, 0x0000000718f00000)
  object space 343040K, 0% used [0x00000005cac00000,0x00000005cac00000,0x00000005dfb00000)
 Metaspace       used 20767K, capacity 21000K, committed 21248K, reserved 1069056K
  class space    used 2412K, capacity 2500K, committed 2560K, reserved 1048576K
Event: 1.318 GC heap after
Heap after GC invocations=1 (full 0):
 PSYoungGen      total 150016K, used 13595K [0x0000000718f00000, 0x0000000723600000, 0x00000007c0000000)
  eden space 129024K, 0% used [0x0000000718f00000,0x0000000718f00000,0x0000000720d00000)
  from space 20992K, 64% used [0x0000000720d00000,0x0000000721a46cf8,0x0000000722180000)
  to   space 20992K, 0% used [0x0000000722180000,0x0000000722180000,0x0000000723600000)
 ParOldGen       total 343040K, used 80K [0x00000005cac00000, 0x00000005dfb00000, 0x0000000718f00000)
  object space 343040K, 0% used [0x00000005cac00000,0x00000005cac14010,0x00000005dfb00000)
 Metaspace       used 20767K, capacity 21000K, committed 21248K, reserved 1069056K
  class space    used 2412K, capacity 2500K, committed 2560K, reserved 1048576K
}
Event: 1.318 GC heap before
{Heap before GC invocations=2 (full 1):
 PSYoungGen      total 150016K, used 13595K [0x0000000718f00000, 0x0000000723600000, 0x00000007c0000000)
  eden space 129024K, 0% used [0x0000000718f00000,0x0000000718f00000,0x0000000720d00000)
  from space 20992K, 64% used [0x0000000720d00000,0x0000000721a46cf8,0x0000000722180000)
  to   space 20992K, 0% used [0x0000000722180000,0x0000000722180000,0x0000000723600000)
 ParOldGen       total 343040K, used 80K [0x00000005cac00000, 0x00000005dfb00000, 0x0000000718f00000)
  object space 343040K, 0% used [0x00000005cac00000,0x00000005cac14010,0x00000005dfb00000)
 Metaspace       used 20767K, capacity 21000K, committed 21248K, reserved 1069056K
  class space    used 2412K, capacity 2500K, committed 2560K, reserved 1048576K
Event: 1.334 GC heap after
Heap after GC invocations=2 (full 1):
 PSYoungGen      total 150016K, used 0K [0x0000000718f00000, 0x0000000723600000, 0x00000007c0000000)
  eden space 129024K, 0% used [0x0000000718f00000,0x0000000718f00000,0x0000000720d00000)
  from space 20992K, 0% used [0x0000000720d00000,0x0000000720d00000,0x0000000722180000)
  to   space 20992K, 0% used [0x0000000722180000,0x0000000722180000,0x0000000723600000)
 ParOldGen       total 233472K, used 12957K [0x00000005cac00000, 0x00000005d9000000, 0x0000000718f00000)
  object space 233472K, 5% used [0x00000005cac00000,0x00000005cb8a74b8,0x00000005d9000000)
 Metaspace       used 20767K, capacity 21000K, committed 21248K, reserved 1069056K
  class space    used 2412K, capacity 2500K, committed 2560K, reserved 1048576K
}

