# JRE version: Java(TM) SE Runtime Environment (8.0_181-b13) (build 1.8.0_181-b13)
# Java VM: Java HotSpot(TM) 64-Bit Server VM (25.181-b13 mixed mode linux-amd64 compressed oops)
Heap:
 PSYoungGen      total 99328K, used 88613K [0x000000076df00000, 0x0000000774d00000, 0x00000007c0000000)
  eden space 89088K, 99% used [0x000000076df00000,0x00000007735895a0,0x0000000773600000)
  from space 10240K, 0% used [0x0000000774300000,0x0000000774300000,0x0000000774d00000)
  to   space 10240K, 0% used [0x0000000773900000,0x0000000773900000,0x0000000774300000)
 ParOldGen       total 173056K, used 17125K [0x00000006c9c00000, 0x00000006d4500000, 0x000000076df00000)
  object space 173056K, 9% used [0x00000006c9c00000,0x00000006cacb9568,0x00000006d4500000)
 Metaspace       used 38193K, capacity 39124K, committed 39336K, reserved 1083392K
  class space    used 4529K, capacity 4724K, committed 4784K, reserved 1048576K
GC Heap History (10 events):
Event: 1.323 GC heap before
{Heap before GC invocations=2 (full 0):
 PSYoungGen      total 74240K, used 45647K [0x000000076df00000, 0x0000000773180000, 0x00000007c0000000)
  eden space 64000K, 57% used [0x000000076df00000,0x00000007702af898,0x0000000771d80000)
  from space 10240K, 88% used [0x0000000771d80000,0x00000007726643c0,0x0000000772780000)
  to   space 10240K, 0% used [0x0000000772780000,0x0000000772780000,0x0000000773180000)
 ParOldGen       total 169472K, used 80K [0x00000006c9c00000, 0x00000006d4180000, 0x000000076df00000)
  object space 169472K, 0% used [0x00000006c9c00000,0x00000006c9c14010,0x00000006d4180000)
 Metaspace       used 20784K, capacity 21114K, committed 21296K, reserved 1069056K
  class space    used 2476K, capacity 2587K, committed 2608K, reserved 1048576K
Event: 1.328 GC heap after
Heap after GC invocations=2 (full 0):
 PSYoungGen      total 74240K, used 9356K [0x000000076df00000, 0x0000000777000000, 0x00000007c0000000)
  eden space 64000K, 0% used [0x000000076df00000,0x000000076df00000,0x0000000771d80000)
  from space 10240K, 91% used [0x0000000772780000,0x00000007730a3170,0x0000000773180000)
  to   space 10240K, 0% used [0x0000000771d80000,0x0000000771d80000,0x0000000772780000)
 ParOldGen       total 169472K, used 88K [0x00000006c9c00000, 0x00000006d4180000, 0x000000076df00000)
  object space 169472K, 0% used [0x00000006c9c00000,0x00000006c9c16010,0x00000006d4180000)
 Metaspace       used 20784K, capacity 21114K, committed 21296K, reserved 1069056K
  class space    used 2476K, capacity 2587K, committed 2608K, reserved 1048576K
}
Event: 1.328 GC heap before
{Heap before GC invocations=3 (full 1):
 PSYoungGen      total 74240K, used 9356K [0x000000076df00000, 0x0000000777000000, 0x00000007c0000000)
  eden space 64000K, 0% used [0x000000076df00000,0x000000076df00000,0x0000000771d80000)
  from space 10240K, 91% used [0x0000000772780000,0x00000007730a3170,0x0000000773180000)
  to   space 10240K, 0% used [0x0000000771d80000,0x0000000771d80000,0x0000000772780000)
 ParOldGen       total 169472K, used 88K [0x00000006c9c00000, 0x00000006d4180000, 0x000000076df00000)
  object space 169472K, 0% used [0x00000006c9c00000,0x00000006c9c16010,0x00000006d4180000)
 Metaspace       used 20784K, capacity 21114K, committed 21296K, reserved 1069056K
  class space    used 2476K, capacity 2587K, committed 2608K, reserved 1048576K
Event: 1.351 GC heap after
Heap after GC invocations=3 (full 1):
 PSYoungGen      total 74240K, used 0K [0x000000076df00000, 0x0000000777000000, 0x00000007c0000000)
  eden space 64000K, 0% used [0x000000076df00000,0x000000076df00000,0x0000000771d80000)
  from space 10240K, 0% used [0x0000000772780000,0x0000000772780000,0x0000000773180000)
  to   space 10240K, 0% used [0x0000000771d80000,0x0000000771d80000,0x0000000772780000)
 ParOldGen       total 107520K, used 9001K [0x00000006c9c00000, 0x00000006d0500000, 0x000000076df00000)
  object space 107520K, 8% used [0x00000006c9c00000,0x00000006ca4ca6f0,0x00000006d0500000)
 Metaspace       used 20784K, capacity 21114K, committed 21296K, reserved 1069056K
  class space    used 2476K, capacity 2587K, committed 2608K, reserved 1048576K
}
Event: 1.761 GC heap before
{Heap before GC invocations=4 (full 1):
 PSYoungGen      total 74240K, used 64000K [0x000000076df00000, 0x0000000777000000, 0x00000007c0000000)
  eden space 64000K, 100% used [0x000000076df00000,0x0000000771d80000,0x0000000771d80000)
  from space 10240K, 0% used [0x0000000772780000,0x0000000772780000,0x0000000773180000)
  to   space 10240K, 0% used [0x0000000771d80000,0x0000000771d80000,0x0000000772780000)
 ParOldGen       total 107520K, used 9003K [0x00000006c9c00000, 0x00000006d0500000, 0x000000076df00000)
  object space 107520K, 8% used [0x00000006c9c00000,0x00000006ca4cac90,0x00000006d0500000)
 Metaspace       used 27443K, capacity 28152K, committed 28464K, reserved 1075200K
  class space    used 3390K, capacity 3560K, committed 3632K, reserved 1048576K
Event: 1.765 GC heap after
Heap after GC invocations=4 (full 1):
 PSYoungGen      total 74240K, used 8246K [0x000000076df00000, 0x0000000774d00000, 0x00000007c0000000)
  eden space 64000K, 0% used [0x000000076df00000,0x000000076df00000,0x0000000771d80000)
  from space 10240K, 80% used [0x0000000771d80000,0x000000077258da10,0x0000000772780000)
  to   space 10240K, 0% used [0x0000000774300000,0x0000000774300000,0x0000000774d00000)
 ParOldGen       total 107520K, used 9011K [0x00000006c9c00000, 0x00000006d0500000, 0x000000076df00000)
  object space 107520K, 8% used [0x00000006c9c00000,0x00000006ca4ccc90,0x00000006d0500000)
 Metaspace       used 27443K, capacity 28152K, committed 28464K, reserved 1075200K
  class space    used 3390K, capacity 3560K, committed 3632K, reserved 1048576K
}
Event: 4.951 GC heap before
{Heap before GC invocations=5 (full 1):
 PSYoungGen      total 74240K, used 70920K [0x000000076df00000, 0x0000000774d00000, 0x00000007c0000000)
  eden space 64000K, 97% used [0x000000076df00000,0x0000000771c348f8,0x0000000771d80000)
  from space 10240K, 80% used [0x0000000771d80000,0x000000077258da10,0x0000000772780000)
  to   space 10240K, 0% used [0x0000000774300000,0x0000000774300000,0x0000000774d00000)
 ParOldGen       total 107520K, used 9011K [0x00000006c9c00000, 0x00000006d0500000, 0x000000076df00000)
  object space 107520K, 8% used [0x00000006c9c00000,0x00000006ca4ccc90,0x00000006d0500000)
 Metaspace       used 34569K, capacity 35404K, committed 35496K, reserved 1081344K
  class space    used 4312K, capacity 4514K, committed 4528K, reserved 1048576K
Event: 4.960 GC heap after
Heap after GC invocations=5 (full 1):
 PSYoungGen      total 99328K, used 10217K [0x000000076df00000, 0x0000000774d00000, 0x00000007c0000000)
  eden space 89088K, 0% used [0x000000076df00000,0x000000076df00000,0x0000000773600000)
  from space 10240K, 99% used [0x0000000774300000,0x0000000774cfa428,0x0000000774d00000)
  to   space 10240K, 0% used [0x0000000773900000,0x0000000773900000,0x0000000774300000)
 ParOldGen       total 107520K, used 11246K [0x00000006c9c00000, 0x00000006d0500000, 0x000000076df00000)
  object space 107520K, 10% used [0x00000006c9c00000,0x00000006ca6fbb80,0x00000006d0500000)
 Metaspace       used 34569K, capacity 35404K, committed 35496K, reserved 1081344K
  class space    used 4312K, capacity 4514K, committed 4528K, reserved 1048576K
}
Event: 4.960 GC heap before
{Heap before GC invocations=6 (full 2):
 PSYoungGen      total 99328K, used 10217K [0x000000076df00000, 0x0000000774d00000, 0x00000007c0000000)
  eden space 89088K, 0% used [0x000000076df00000,0x000000076df00000,0x0000000773600000)
  from space 10240K, 99% used [0x0000000774300000,0x0000000774cfa428,0x0000000774d00000)
  to   space 10240K, 0% used [0x0000000773900000,0x0000000773900000,0x0000000774300000)
 ParOldGen       total 107520K, used 11246K [0x00000006c9c00000, 0x00000006d0500000, 0x000000076df00000)
  object space 107520K, 10% used [0x00000006c9c00000,0x00000006ca6fbb80,0x00000006d0500000)
 Metaspace       used 34569K, capacity 35404K, committed 35496K, reserved 1081344K
  class space    used 4312K, capacity 4514K, committed 4528K, reserved 1048576K
Event: 4.996 GC heap after
Heap after GC invocations=6 (full 2):
 PSYoungGen      total 99328K, used 0K [0x000000076df00000, 0x0000000774d00000, 0x00000007c0000000)
  eden space 89088K, 0% used [0x000000076df00000,0x000000076df00000,0x0000000773600000)
  from space 10240K, 0% used [0x0000000774300000,0x0000000774300000,0x0000000774d00000)
  to   space 10240K, 0% used [0x0000000773900000,0x0000000773900000,0x0000000774300000)
 ParOldGen       total 173056K, used 17125K [0x00000006c9c00000, 0x00000006d4500000, 0x000000076df00000)
  object space 173056K, 9% used [0x00000006c9c00000,0x00000006cacb9568,0x00000006d4500000)
 Metaspace       used 34516K, capacity 35276K, committed 35496K, reserved 1081344K
  class space    used 4298K, capacity 4490K, committed 4528K, reserved 1048576K
}

