# JRE version: Java(TM) SE Runtime Environment (8.0_191-b12) (build 1.8.0_191-b12)
# Java VM: Java HotSpot(TM) 64-Bit Server VM (25.191-b12 mixed mode linux-amd64 compressed oops)
Heap:
 PSYoungGen      total 279040K, used 127020K [0x000000076df00000, 0x0000000780600000, 0x00000007c0000000)
  eden space 267264K, 43% used [0x000000076df00000,0x0000000774f8ed28,0x000000077e400000)
  from space 11776K, 99% used [0x000000077f400000,0x000000077ff7c4d0,0x000000077ff80000)
  to   space 16384K, 0% used [0x000000077e400000,0x000000077e400000,0x000000077f400000)
 ParOldGen       total 150016K, used 15271K [0x00000006c9c00000, 0x00000006d2e80000, 0x000000076df00000)
  object space 150016K, 10% used [0x00000006c9c00000,0x00000006caae9c28,0x00000006d2e80000)
 Metaspace       used 52316K, capacity 54348K, committed 54656K, reserved 1097728K
  class space    used 6477K, capacity 6927K, committed 7040K, reserved 1048576K
GC Heap History (10 events):
Event: 4.505 GC heap before
{Heap before GC invocations=4 (full 1):
 PSYoungGen      total 138240K, used 128000K [0x000000076df00000, 0x0000000777000000, 0x00000007c0000000)
  eden space 128000K, 100% used [0x000000076df00000,0x0000000775c00000,0x0000000775c00000)
  from space 10240K, 0% used [0x0000000776600000,0x0000000776600000,0x0000000777000000)
  to   space 10240K, 0% used [0x0000000775c00000,0x0000000775c00000,0x0000000776600000)
 ParOldGen       total 114176K, used 8859K [0x00000006c9c00000, 0x00000006d0b80000, 0x000000076df00000)
  object space 114176K, 7% used [0x00000006c9c00000,0x00000006ca4a6e60,0x00000006d0b80000)
 Metaspace       used 25455K, capacity 26268K, committed 26496K, reserved 1073152K
  class space    used 3152K, capacity 3380K, committed 3456K, reserved 1048576K
Event: 4.513 GC heap after
Heap after GC invocations=4 (full 1):
 PSYoungGen      total 138240K, used 5559K [0x000000076df00000, 0x0000000779680000, 0x00000007c0000000)
  eden space 128000K, 0% used [0x000000076df00000,0x000000076df00000,0x0000000775c00000)
  from space 10240K, 54% used [0x0000000775c00000,0x000000077616dea0,0x0000000776600000)
  to   space 10240K, 0% used [0x0000000778c80000,0x0000000778c80000,0x0000000779680000)
 ParOldGen       total 114176K, used 8867K [0x00000006c9c00000, 0x00000006d0b80000, 0x000000076df00000)
  object space 114176K, 7% used [0x00000006c9c00000,0x00000006ca4a8e60,0x00000006d0b80000)
 Metaspace       used 25455K, capacity 26268K, committed 26496K, reserved 1073152K
  class space    used 3152K, capacity 3380K, committed 3456K, reserved 1048576K
}
Event: 5.812 GC heap before
{Heap before GC invocations=5 (full 1):
 PSYoungGen      total 138240K, used 133559K [0x000000076df00000, 0x0000000779680000, 0x00000007c0000000)
  eden space 128000K, 100% used [0x000000076df00000,0x0000000775c00000,0x0000000775c00000)
  from space 10240K, 54% used [0x0000000775c00000,0x000000077616dea0,0x0000000776600000)
  to   space 10240K, 0% used [0x0000000778c80000,0x0000000778c80000,0x0000000779680000)
 ParOldGen       total 114176K, used 8867K [0x00000006c9c00000, 0x00000006d0b80000, 0x000000076df00000)
  object space 114176K, 7% used [0x00000006c9c00000,0x00000006ca4a8e60,0x00000006d0b80000)
 Metaspace       used 33759K, capacity 35074K, committed 35328K, reserved 1081344K
  class space    used 4036K, capacity 4341K, committed 4352K, reserved 1048576K
Event: 5.824 GC heap after
Heap after GC invocations=5 (full 1):
 PSYoungGen      total 175104K, used 9582K [0x000000076df00000, 0x0000000779600000, 0x00000007c0000000)
  eden space 165376K, 0% used [0x000000076df00000,0x000000076df00000,0x0000000778080000)
  from space 9728K, 98% used [0x0000000778c80000,0x00000007795db988,0x0000000779600000)
  to   space 10240K, 0% used [0x0000000778200000,0x0000000778200000,0x0000000778c00000)
 ParOldGen       total 114176K, used 8875K [0x00000006c9c00000, 0x00000006d0b80000, 0x000000076df00000)
  object space 114176K, 7% used [0x00000006c9c00000,0x00000006ca4aae60,0x00000006d0b80000)
 Metaspace       used 33759K, capacity 35074K, committed 35328K, reserved 1081344K
  class space    used 4036K, capacity 4341K, committed 4352K, reserved 1048576K
}
Event: 5.859 GC heap before
{Heap before GC invocations=6 (full 1):
 PSYoungGen      total 175104K, used 16050K [0x000000076df00000, 0x0000000779600000, 0x00000007c0000000)
  eden space 165376K, 3% used [0x000000076df00000,0x000000076e551018,0x0000000778080000)
  from space 9728K, 98% used [0x0000000778c80000,0x00000007795db988,0x0000000779600000)
  to   space 10240K, 0% used [0x0000000778200000,0x0000000778200000,0x0000000778c00000)
 ParOldGen       total 114176K, used 8875K [0x00000006c9c00000, 0x00000006d0b80000, 0x000000076df00000)
  object space 114176K, 7% used [0x00000006c9c00000,0x00000006ca4aae60,0x00000006d0b80000)
 Metaspace       used 34045K, capacity 35298K, committed 35456K, reserved 1081344K
  class space    used 4067K, capacity 4373K, committed 4480K, reserved 1048576K
Event: 5.867 GC heap after
Heap after GC invocations=6 (full 1):
 PSYoungGen      total 177152K, used 4516K [0x000000076df00000, 0x000000077ff80000, 0x00000007c0000000)
  eden space 166912K, 0% used [0x000000076df00000,0x000000076df00000,0x0000000778200000)
  from space 10240K, 44% used [0x0000000778200000,0x0000000778669160,0x0000000778c00000)
  to   space 11776K, 0% used [0x000000077f400000,0x000000077f400000,0x000000077ff80000)
 ParOldGen       total 114176K, used 8883K [0x00000006c9c00000, 0x00000006d0b80000, 0x000000076df00000)
  object space 114176K, 7% used [0x00000006c9c00000,0x00000006ca4ace60,0x00000006d0b80000)
 Metaspace       used 34045K, capacity 35298K, committed 35456K, reserved 1081344K
  class space    used 4067K, capacity 4373K, committed 4480K, reserved 1048576K
}
Event: 5.867 GC heap before
{Heap before GC invocations=7 (full 2):
 PSYoungGen      total 177152K, used 4516K [0x000000076df00000, 0x000000077ff80000, 0x00000007c0000000)
  eden space 166912K, 0% used [0x000000076df00000,0x000000076df00000,0x0000000778200000)
  from space 10240K, 44% used [0x0000000778200000,0x0000000778669160,0x0000000778c00000)
  to   space 11776K, 0% used [0x000000077f400000,0x000000077f400000,0x000000077ff80000)
 ParOldGen       total 114176K, used 8883K [0x00000006c9c00000, 0x00000006d0b80000, 0x000000076df00000)
  object space 114176K, 7% used [0x00000006c9c00000,0x00000006ca4ace60,0x00000006d0b80000)
 Metaspace       used 34045K, capacity 35298K, committed 35456K, reserved 1081344K
  class space    used 4067K, capacity 4373K, committed 4480K, reserved 1048576K
Event: 5.930 GC heap after
Heap after GC invocations=7 (full 2):
 PSYoungGen      total 177152K, used 0K [0x000000076df00000, 0x000000077ff80000, 0x00000007c0000000)
  eden space 166912K, 0% used [0x000000076df00000,0x000000076df00000,0x0000000778200000)
  from space 10240K, 0% used [0x0000000778200000,0x0000000778200000,0x0000000778c00000)
  to   space 11776K, 0% used [0x000000077f400000,0x000000077f400000,0x000000077ff80000)
 ParOldGen       total 150016K, used 9982K [0x00000006c9c00000, 0x00000006d2e80000, 0x000000076df00000)
  object space 150016K, 6% used [0x00000006c9c00000,0x00000006ca5bfaf8,0x00000006d2e80000)
 Metaspace       used 34029K, capacity 35254K, committed 35456K, reserved 1081344K
  class space    used 4061K, capacity 4363K, committed 4480K, reserved 1048576K
}
Event: 11.533 GC heap before
{Heap before GC invocations=8 (full 2):
 PSYoungGen      total 177152K, used 166912K [0x000000076df00000, 0x000000077ff80000, 0x00000007c0000000)
  eden space 166912K, 100% used [0x000000076df00000,0x0000000778200000,0x0000000778200000)
  from space 10240K, 0% used [0x0000000778200000,0x0000000778200000,0x0000000778c00000)
  to   space 11776K, 0% used [0x000000077f400000,0x000000077f400000,0x000000077ff80000)
 ParOldGen       total 150016K, used 9982K [0x00000006c9c00000, 0x00000006d2e80000, 0x000000076df00000)
  object space 150016K, 6% used [0x00000006c9c00000,0x00000006ca5bfaf8,0x00000006d2e80000)
 Metaspace       used 49950K, capacity 51886K, committed 51968K, reserved 1095680K
  class space    used 6241K, capacity 6652K, committed 6656K, reserved 1048576K
Event: 11.557 GC heap after
Heap after GC invocations=8 (full 2):
 PSYoungGen      total 279040K, used 11761K [0x000000076df00000, 0x0000000780600000, 0x00000007c0000000)
  eden space 267264K, 0% used [0x000000076df00000,0x000000076df00000,0x000000077e400000)
  from space 11776K, 99% used [0x000000077f400000,0x000000077ff7c4d0,0x000000077ff80000)
  to   space 16384K, 0% used [0x000000077e400000,0x000000077e400000,0x000000077f400000)
 ParOldGen       total 150016K, used 15271K [0x00000006c9c00000, 0x00000006d2e80000, 0x000000076df00000)
  object space 150016K, 10% used [0x00000006c9c00000,0x00000006caae9c28,0x00000006d2e80000)
 Metaspace       used 49950K, capacity 51886K, committed 51968K, reserved 1095680K
  class space    used 6241K, capacity 6652K, committed 6656K, reserved 1048576K
}

