# JRE version: OpenJDK Runtime Environment (8.0_212-b03) (build 1.8.0_212-8u212-b03-0ubuntu1.18.04.1-b03)
# Java VM: OpenJDK 64-Bit Server VM (25.212-b03 mixed mode linux-amd64 compressed oops)
Heap:
 PSYoungGen      total 210944K, used 77036K [0x0000000718f00000, 0x000000072af80000, 0x00000007c0000000)
  eden space 189952K, 29% used [0x0000000718f00000,0x000000071c5bd288,0x0000000724880000)
  from space 20992K, 99% used [0x0000000724880000,0x0000000725cfde10,0x0000000725d00000)
  to   space 25088K, 0% used [0x0000000729700000,0x0000000729700000,0x000000072af80000)
 ParOldGen       total 335872K, used 17200K [0x00000005cac00000, 0x00000005df400000, 0x0000000718f00000)
  object space 335872K, 5% used [0x00000005cac00000,0x00000005cbccc0f8,0x00000005df400000)
 Metaspace       used 50580K, capacity 52548K, committed 52736K, reserved 1095680K
  class space    used 6115K, capacity 6558K, committed 6656K, reserved 1048576K
GC Heap History (10 events):
Event: 1.666 GC heap before
{Heap before GC invocations=3 (full 1):
 PSYoungGen      total 150016K, used 6179K [0x0000000718f00000, 0x000000072b400000, 0x00000007c0000000)
  eden space 129024K, 0% used [0x0000000718f00000,0x0000000718f00000,0x0000000720d00000)
  from space 20992K, 29% used [0x0000000722180000,0x0000000722788d60,0x0000000723600000)
  to   space 20992K, 0% used [0x0000000720d00000,0x0000000720d00000,0x0000000722180000)
 ParOldGen       total 343040K, used 88K [0x00000005cac00000, 0x00000005dfb00000, 0x0000000718f00000)
  object space 343040K, 0% used [0x00000005cac00000,0x00000005cac16010,0x00000005dfb00000)
 Metaspace       used 20873K, capacity 21246K, committed 21296K, reserved 1069056K
  class space    used 2615K, capacity 2768K, committed 2816K, reserved 1048576K
Event: 1.683 GC heap after
Heap after GC invocations=3 (full 1):
 PSYoungGen      total 150016K, used 0K [0x0000000718f00000, 0x000000072b400000, 0x00000007c0000000)
  eden space 129024K, 0% used [0x0000000718f00000,0x0000000718f00000,0x0000000720d00000)
  from space 20992K, 0% used [0x0000000722180000,0x0000000722180000,0x0000000723600000)
  to   space 20992K, 0% used [0x0000000720d00000,0x0000000720d00000,0x0000000722180000)
 ParOldGen       total 199168K, used 6060K [0x00000005cac00000, 0x00000005d6e80000, 0x0000000718f00000)
  object space 199168K, 3% used [0x00000005cac00000,0x00000005cb1eb180,0x00000005d6e80000)
 Metaspace       used 20873K, capacity 21246K, committed 21296K, reserved 1069056K
  class space    used 2615K, capacity 2768K, committed 2816K, reserved 1048576K
}
Event: 1.994 GC heap before
{Heap before GC invocations=4 (full 1):
 PSYoungGen      total 150016K, used 129024K [0x0000000718f00000, 0x000000072b400000, 0x00000007c0000000)
  eden space 129024K, 100% used [0x0000000718f00000,0x0000000720d00000,0x0000000720d00000)
  from space 20992K, 0% used [0x0000000722180000,0x0000000722180000,0x0000000723600000)
  to   space 20992K, 0% used [0x0000000720d00000,0x0000000720d00000,0x0000000722180000)
 ParOldGen       total 199168K, used 6060K [0x00000005cac00000, 0x00000005d6e80000, 0x0000000718f00000)
  object space 199168K, 3% used [0x00000005cac00000,0x00000005cb1eb180,0x00000005d6e80000)
 Metaspace       used 22193K, capacity 23038K, committed 23344K, reserved 1069056K
  class space    used 2745K, capacity 3018K, committed 3072K, reserved 1048576K
Event: 1.996 GC heap after
Heap after GC invocations=4 (full 1):
 PSYoungGen      total 150016K, used 1792K [0x0000000718f00000, 0x0000000727180000, 0x00000007c0000000)
  eden space 129024K, 0% used [0x0000000718f00000,0x0000000718f00000,0x0000000720d00000)
  from space 20992K, 8% used [0x0000000720d00000,0x0000000720ec0000,0x0000000722180000)
  to   space 20992K, 0% used [0x0000000725d00000,0x0000000725d00000,0x0000000727180000)
 ParOldGen       total 199168K, used 6068K [0x00000005cac00000, 0x00000005d6e80000, 0x0000000718f00000)
  object space 199168K, 3% used [0x00000005cac00000,0x00000005cb1ed180,0x00000005d6e80000)
 Metaspace       used 22193K, capacity 23038K, committed 23344K, reserved 1069056K
  class space    used 2745K, capacity 3018K, committed 3072K, reserved 1048576K
}
Event: 2.534 GC heap before
{Heap before GC invocations=5 (full 1):
 PSYoungGen      total 150016K, used 108481K [0x0000000718f00000, 0x0000000727180000, 0x00000007c0000000)
  eden space 129024K, 82% used [0x0000000718f00000,0x000000071f7305e0,0x0000000720d00000)
  from space 20992K, 8% used [0x0000000720d00000,0x0000000720ec0000,0x0000000722180000)
  to   space 20992K, 0% used [0x0000000725d00000,0x0000000725d00000,0x0000000727180000)
 ParOldGen       total 199168K, used 6068K [0x00000005cac00000, 0x00000005d6e80000, 0x0000000718f00000)
  object space 199168K, 3% used [0x00000005cac00000,0x00000005cb1ed180,0x00000005d6e80000)
 Metaspace       used 34062K, capacity 35412K, committed 35496K, reserved 1081344K
  class space    used 4007K, capacity 4330K, committed 4352K, reserved 1048576K
Event: 2.541 GC heap after
Heap after GC invocations=5 (full 1):
 PSYoungGen      total 210944K, used 12982K [0x0000000718f00000, 0x0000000727600000, 0x00000007c0000000)
  eden space 189952K, 0% used [0x0000000718f00000,0x0000000718f00000,0x0000000724880000)
  from space 20992K, 61% used [0x0000000725d00000,0x00000007269ad9c8,0x0000000727180000)
  to   space 20992K, 0% used [0x0000000724880000,0x0000000724880000,0x0000000725d00000)
 ParOldGen       total 199168K, used 6076K [0x00000005cac00000, 0x00000005d6e80000, 0x0000000718f00000)
  object space 199168K, 3% used [0x00000005cac00000,0x00000005cb1ef180,0x00000005d6e80000)
 Metaspace       used 34062K, capacity 35412K, committed 35496K, reserved 1081344K
  class space    used 4007K, capacity 4330K, committed 4352K, reserved 1048576K
}
Event: 2.542 GC heap before
{Heap before GC invocations=6 (full 2):
 PSYoungGen      total 210944K, used 12982K [0x0000000718f00000, 0x0000000727600000, 0x00000007c0000000)
  eden space 189952K, 0% used [0x0000000718f00000,0x0000000718f00000,0x0000000724880000)
  from space 20992K, 61% used [0x0000000725d00000,0x00000007269ad9c8,0x0000000727180000)
  to   space 20992K, 0% used [0x0000000724880000,0x0000000724880000,0x0000000725d00000)
 ParOldGen       total 199168K, used 6076K [0x00000005cac00000, 0x00000005d6e80000, 0x0000000718f00000)
  object space 199168K, 3% used [0x00000005cac00000,0x00000005cb1ef180,0x00000005d6e80000)
 Metaspace       used 34062K, capacity 35412K, committed 35496K, reserved 1081344K
  class space    used 4007K, capacity 4330K, committed 4352K, reserved 1048576K
Event: 2.567 GC heap after
Heap after GC invocations=6 (full 2):
 PSYoungGen      total 210944K, used 0K [0x0000000718f00000, 0x0000000727600000, 0x00000007c0000000)
  eden space 189952K, 0% used [0x0000000718f00000,0x0000000718f00000,0x0000000724880000)
  from space 20992K, 0% used [0x0000000725d00000,0x0000000725d00000,0x0000000727180000)
  to   space 20992K, 0% used [0x0000000724880000,0x0000000724880000,0x0000000725d00000)
 ParOldGen       total 335872K, used 16726K [0x00000005cac00000, 0x00000005df400000, 0x0000000718f00000)
  object space 335872K, 4% used [0x00000005cac00000,0x00000005cbc55bf0,0x00000005df400000)
 Metaspace       used 34025K, capacity 35314K, committed 35496K, reserved 1081344K
  class space    used 3994K, capacity 4307K, committed 4352K, reserved 1048576K
}
Event: 13.254 GC heap before
{Heap before GC invocations=7 (full 2):
 PSYoungGen      total 210944K, used 189952K [0x0000000718f00000, 0x0000000727600000, 0x00000007c0000000)
  eden space 189952K, 100% used [0x0000000718f00000,0x0000000724880000,0x0000000724880000)
  from space 20992K, 0% used [0x0000000725d00000,0x0000000725d00000,0x0000000727180000)
  to   space 20992K, 0% used [0x0000000724880000,0x0000000724880000,0x0000000725d00000)
 ParOldGen       total 335872K, used 16726K [0x00000005cac00000, 0x00000005df400000, 0x0000000718f00000)
  object space 335872K, 4% used [0x00000005cac00000,0x00000005cbc55bf0,0x00000005df400000)
 Metaspace       used 49821K, capacity 51782K, committed 51968K, reserved 1095680K
  class space    used 6101K, capacity 6553K, committed 6656K, reserved 1048576K
Event: 13.265 GC heap after
Heap after GC invocations=7 (full 2):
 PSYoungGen      total 210944K, used 20983K [0x0000000718f00000, 0x000000072af80000, 0x00000007c0000000)
  eden space 189952K, 0% used [0x0000000718f00000,0x0000000718f00000,0x0000000724880000)
  from space 20992K, 99% used [0x0000000724880000,0x0000000725cfde10,0x0000000725d00000)
  to   space 25088K, 0% used [0x0000000729700000,0x0000000729700000,0x000000072af80000)
 ParOldGen       total 335872K, used 17200K [0x00000005cac00000, 0x00000005df400000, 0x0000000718f00000)
  object space 335872K, 5% used [0x00000005cac00000,0x00000005cbccc0f8,0x00000005df400000)
 Metaspace       used 49821K, capacity 51782K, committed 51968K, reserved 1095680K
  class space    used 6101K, capacity 6553K, committed 6656K, reserved 1048576K
}

